[INFO] Scanning for projects...
[INFO] 
[INFO] ----------------------< com.zmen:zmen-backend-v2 >----------------------
[INFO] Building zmen-backend-v2 0.0.1-SNAPSHOT
[INFO]   from pom.xml
[INFO] --------------------------------[ jar ]---------------------------------
[INFO] 
[INFO] >>> spring-boot:2.7.18:run (default-cli) > test-compile @ zmen-backend-v2 >>>
[INFO] 
[INFO] --- resources:3.2.0:resources (default-resources) @ zmen-backend-v2 ---
[INFO] Using 'UTF-8' encoding to copy filtered resources.
[INFO] Using 'UTF-8' encoding to copy filtered properties files.
[INFO] Copying 2 resources
[INFO] Copying 0 resource
[INFO] 
[INFO] --- compiler:3.10.1:compile (default-compile) @ zmen-backend-v2 ---
[INFO] Changes detected - recompiling the module!
[INFO] Compiling 195 source files to /Users/duonguyen/Projects/cuynn-store/backend/target/classes
[INFO] /Users/duonguyen/Projects/cuynn-store/backend/src/main/java/com/zmen/backend/config/SecurityConfig.java: /Users/duonguyen/Projects/cuynn-store/backend/src/main/java/com/zmen/backend/config/SecurityConfig.java uses or overrides a deprecated API.
[INFO] /Users/duonguyen/Projects/cuynn-store/backend/src/main/java/com/zmen/backend/config/SecurityConfig.java: Recompile with -Xlint:deprecation for details.
[INFO] 
[INFO] --- resources:3.2.0:testResources (default-testResources) @ zmen-backend-v2 ---
[INFO] Using 'UTF-8' encoding to copy filtered resources.
[INFO] Using 'UTF-8' encoding to copy filtered properties files.
[INFO] skip non existing resourceDirectory /Users/duonguyen/Projects/cuynn-store/backend/src/test/resources
[INFO] 
[INFO] --- compiler:3.10.1:testCompile (default-testCompile) @ zmen-backend-v2 ---
[INFO] No sources to compile
[INFO] 
[INFO] <<< spring-boot:2.7.18:run (default-cli) < test-compile @ zmen-backend-v2 <<<
[INFO] 
[INFO] 
[INFO] --- spring-boot:2.7.18:run (default-cli) @ zmen-backend-v2 ---
[INFO] Attaching agents: []

  .   ____          _            __ _ _
 /\\ / ___'_ __ _ _(_)_ __  __ _ \ \ \ \
( ( )\___ | '_ | '_| | '_ \/ _` | \ \ \ \
 \\/  ___)| |_)| | | | | || (_| |  ) ) ) )
  '  |____| .__|_| |_|_| |_\__, | / / / /
 =========|_|==============|___/=/_/_/_/
 :: Spring Boot ::               (v2.7.18)

2025-07-30 02:48:57.885  INFO 92819 --- [           main] com.zmen.backend.ZmenBackendApplication  : Starting ZmenBackendApplication using Java 17.0.15 on duonguyens-MacBook-Pro.local with PID 92819 (/Users/duonguyen/Projects/cuynn-store/backend/target/classes started by duonguyen in /Users/duonguyen/Projects/cuynn-store/backend)
2025-07-30 02:48:57.887  INFO 92819 --- [           main] com.zmen.backend.ZmenBackendApplication  : No active profile set, falling back to 1 default profile: "default"
2025-07-30 02:48:58.293  INFO 92819 --- [           main] .s.d.r.c.RepositoryConfigurationDelegate : Bootstrapping Spring Data JPA repositories in DEFAULT mode.
2025-07-30 02:48:58.344  INFO 92819 --- [           main] .s.d.r.c.RepositoryConfigurationDelegate : Finished Spring Data repository scanning in 45 ms. Found 18 JPA repository interfaces.
2025-07-30 02:48:58.613  INFO 92819 --- [           main] o.s.b.w.embedded.tomcat.TomcatWebServer  : Tomcat initialized with port(s): 8080 (http)
2025-07-30 02:48:58.618  INFO 92819 --- [           main] o.apache.catalina.core.StandardService   : Starting service [Tomcat]
2025-07-30 02:48:58.618  INFO 92819 --- [           main] org.apache.catalina.core.StandardEngine  : Starting Servlet engine: [Apache Tomcat/9.0.83]
2025-07-30 02:48:58.659  INFO 92819 --- [           main] o.a.c.c.C.[Tomcat].[localhost].[/]       : Initializing Spring embedded WebApplicationContext
2025-07-30 02:48:58.659  INFO 92819 --- [           main] w.s.c.ServletWebServerApplicationContext : Root WebApplicationContext: initialization completed in 748 ms
2025-07-30 02:48:58.674  INFO 92819 --- [           main] com.zaxxer.hikari.HikariDataSource       : HikariPool-1 - Starting...
2025-07-30 02:48:58.767  INFO 92819 --- [           main] com.zaxxer.hikari.HikariDataSource       : HikariPool-1 - Start completed.
2025-07-30 02:48:58.779  INFO 92819 --- [           main] o.s.b.a.h2.H2ConsoleAutoConfiguration    : H2 console available at '/h2-console'. Database available at 'jdbc:h2:mem:testdb'
2025-07-30 02:48:58.846  INFO 92819 --- [           main] o.hibernate.jpa.internal.util.LogHelper  : HHH000204: Processing PersistenceUnitInfo [name: default]
2025-07-30 02:48:58.870  INFO 92819 --- [           main] org.hibernate.Version                    : HHH000412: Hibernate ORM core version 5.6.15.Final
2025-07-30 02:48:58.941  INFO 92819 --- [           main] o.hibernate.annotations.common.Version   : HCANN000001: Hibernate Commons Annotations {5.1.2.Final}
2025-07-30 02:48:58.976  INFO 92819 --- [           main] org.hibernate.dialect.Dialect            : HHH000400: Using dialect: org.sqlite.hibernate.dialect.SQLiteDialect
2025-07-30 02:48:58.995  INFO 92819 --- [           main] org.hibernate.dialect.Dialect            : HHH000400: Using dialect: org.hibernate.dialect.H2Dialect
2025-07-30 02:48:59.609  WARN 92819 --- [           main] o.h.t.s.i.ExceptionHandlerLoggedImpl     : GenerationTarget encountered exception accepting command : Error executing DDL "
    create table khuyen_mai (
       id bigint generated by default as identity,
        hanh_dong jsonb not null,
        dieu_kien jsonb not null,
        mo_ta TEXT,
        ngay_ket_thuc timestamp not null,
        ten_khuyen_mai varchar(255) not null,
        loai_khuyen_mai varchar(255) not null,
        ngay_bat_dau timestamp not null,
        trang_thai varchar(255) not null,
        primary key (id)
    )" via JDBC Statement

org.hibernate.tool.schema.spi.CommandAcceptanceException: Error executing DDL "
    create table khuyen_mai (
       id bigint generated by default as identity,
        hanh_dong jsonb not null,
        dieu_kien jsonb not null,
        mo_ta TEXT,
        ngay_ket_thuc timestamp not null,
        ten_khuyen_mai varchar(255) not null,
        loai_khuyen_mai varchar(255) not null,
        ngay_bat_dau timestamp not null,
        trang_thai varchar(255) not null,
        primary key (id)
    )" via JDBC Statement
	at org.hibernate.tool.schema.internal.exec.GenerationTargetToDatabase.accept(GenerationTargetToDatabase.java:67) ~[hibernate-core-5.6.15.Final.jar:5.6.15.Final]
	at org.hibernate.tool.schema.internal.SchemaCreatorImpl.applySqlString(SchemaCreatorImpl.java:458) ~[hibernate-core-5.6.15.Final.jar:5.6.15.Final]
	at org.hibernate.tool.schema.internal.SchemaCreatorImpl.applySqlStrings(SchemaCreatorImpl.java:442) ~[hibernate-core-5.6.15.Final.jar:5.6.15.Final]
	at org.hibernate.tool.schema.internal.SchemaCreatorImpl.createFromMetadata(SchemaCreatorImpl.java:325) ~[hibernate-core-5.6.15.Final.jar:5.6.15.Final]
	at org.hibernate.tool.schema.internal.SchemaCreatorImpl.performCreation(SchemaCreatorImpl.java:169) ~[hibernate-core-5.6.15.Final.jar:5.6.15.Final]
	at org.hibernate.tool.schema.internal.SchemaCreatorImpl.doCreation(SchemaCreatorImpl.java:138) ~[hibernate-core-5.6.15.Final.jar:5.6.15.Final]
	at org.hibernate.tool.schema.internal.SchemaCreatorImpl.doCreation(SchemaCreatorImpl.java:124) ~[hibernate-core-5.6.15.Final.jar:5.6.15.Final]
	at org.hibernate.tool.schema.spi.SchemaManagementToolCoordinator.performDatabaseAction(SchemaManagementToolCoordinator.java:168) ~[hibernate-core-5.6.15.Final.jar:5.6.15.Final]
	at org.hibernate.tool.schema.spi.SchemaManagementToolCoordinator.process(SchemaManagementToolCoordinator.java:85) ~[hibernate-core-5.6.15.Final.jar:5.6.15.Final]
	at org.hibernate.internal.SessionFactoryImpl.<init>(SessionFactoryImpl.java:335) ~[hibernate-core-5.6.15.Final.jar:5.6.15.Final]
	at org.hibernate.boot.internal.SessionFactoryBuilderImpl.build(SessionFactoryBuilderImpl.java:471) ~[hibernate-core-5.6.15.Final.jar:5.6.15.Final]
	at org.hibernate.jpa.boot.internal.EntityManagerFactoryBuilderImpl.build(EntityManagerFactoryBuilderImpl.java:1498) ~[hibernate-core-5.6.15.Final.jar:5.6.15.Final]
	at org.springframework.orm.jpa.vendor.SpringHibernateJpaPersistenceProvider.createContainerEntityManagerFactory(SpringHibernateJpaPersistenceProvider.java:58) ~[spring-orm-5.3.31.jar:5.3.31]
	at org.springframework.orm.jpa.LocalContainerEntityManagerFactoryBean.createNativeEntityManagerFactory(LocalContainerEntityManagerFactoryBean.java:365) ~[spring-orm-5.3.31.jar:5.3.31]
	at org.springframework.orm.jpa.AbstractEntityManagerFactoryBean.buildNativeEntityManagerFactory(AbstractEntityManagerFactoryBean.java:409) ~[spring-orm-5.3.31.jar:5.3.31]
	at org.springframework.orm.jpa.AbstractEntityManagerFactoryBean.afterPropertiesSet(AbstractEntityManagerFactoryBean.java:396) ~[spring-orm-5.3.31.jar:5.3.31]
	at org.springframework.orm.jpa.LocalContainerEntityManagerFactoryBean.afterPropertiesSet(LocalContainerEntityManagerFactoryBean.java:341) ~[spring-orm-5.3.31.jar:5.3.31]
	at org.springframework.beans.factory.support.AbstractAutowireCapableBeanFactory.invokeInitMethods(AbstractAutowireCapableBeanFactory.java:1863) ~[spring-beans-5.3.31.jar:5.3.31]
	at org.springframework.beans.factory.support.AbstractAutowireCapableBeanFactory.initializeBean(AbstractAutowireCapableBeanFactory.java:1800) ~[spring-beans-5.3.31.jar:5.3.31]
	at org.springframework.beans.factory.support.AbstractAutowireCapableBeanFactory.doCreateBean(AbstractAutowireCapableBeanFactory.java:620) ~[spring-beans-5.3.31.jar:5.3.31]
	at org.springframework.beans.factory.support.AbstractAutowireCapableBeanFactory.createBean(AbstractAutowireCapableBeanFactory.java:542) ~[spring-beans-5.3.31.jar:5.3.31]
	at org.springframework.beans.factory.support.AbstractBeanFactory.lambda$doGetBean$0(AbstractBeanFactory.java:335) ~[spring-beans-5.3.31.jar:5.3.31]
	at org.springframework.beans.factory.support.DefaultSingletonBeanRegistry.getSingleton(DefaultSingletonBeanRegistry.java:234) ~[spring-beans-5.3.31.jar:5.3.31]
	at org.springframework.beans.factory.support.AbstractBeanFactory.doGetBean(AbstractBeanFactory.java:333) ~[spring-beans-5.3.31.jar:5.3.31]
	at org.springframework.beans.factory.support.AbstractBeanFactory.getBean(AbstractBeanFactory.java:208) ~[spring-beans-5.3.31.jar:5.3.31]
	at org.springframework.context.support.AbstractApplicationContext.getBean(AbstractApplicationContext.java:1168) ~[spring-context-5.3.31.jar:5.3.31]
	at org.springframework.context.support.AbstractApplicationContext.finishBeanFactoryInitialization(AbstractApplicationContext.java:919) ~[spring-context-5.3.31.jar:5.3.31]
	at org.springframework.context.support.AbstractApplicationContext.refresh(AbstractApplicationContext.java:591) ~[spring-context-5.3.31.jar:5.3.31]
	at org.springframework.boot.web.servlet.context.ServletWebServerApplicationContext.refresh(ServletWebServerApplicationContext.java:147) ~[spring-boot-2.7.18.jar:2.7.18]
	at org.springframework.boot.SpringApplication.refresh(SpringApplication.java:732) ~[spring-boot-2.7.18.jar:2.7.18]
	at org.springframework.boot.SpringApplication.refreshContext(SpringApplication.java:409) ~[spring-boot-2.7.18.jar:2.7.18]
	at org.springframework.boot.SpringApplication.run(SpringApplication.java:308) ~[spring-boot-2.7.18.jar:2.7.18]
	at org.springframework.boot.SpringApplication.run(SpringApplication.java:1300) ~[spring-boot-2.7.18.jar:2.7.18]
	at org.springframework.boot.SpringApplication.run(SpringApplication.java:1289) ~[spring-boot-2.7.18.jar:2.7.18]
	at com.zmen.backend.ZmenBackendApplication.main(ZmenBackendApplication.java:11) ~[classes/:na]
Caused by: org.h2.jdbc.JdbcSQLNonTransientException: Unknown data type: "JSONB"; SQL statement:

    create table khuyen_mai (
       id bigint generated by default as identity,
        hanh_dong jsonb not null,
        dieu_kien jsonb not null,
        mo_ta TEXT,
        ngay_ket_thuc timestamp not null,
        ten_khuyen_mai varchar(255) not null,
        loai_khuyen_mai varchar(255) not null,
        ngay_bat_dau timestamp not null,
        trang_thai varchar(255) not null,
        primary key (id)
    ) [50004-214]
	at org.h2.message.DbException.getJdbcSQLException(DbException.java:554) ~[h2-2.1.214.jar:2.1.214]
	at org.h2.message.DbException.getJdbcSQLException(DbException.java:477) ~[h2-2.1.214.jar:2.1.214]
	at org.h2.message.DbException.get(DbException.java:223) ~[h2-2.1.214.jar:2.1.214]
	at org.h2.message.DbException.get(DbException.java:199) ~[h2-2.1.214.jar:2.1.214]
	at org.h2.command.Parser.readIfDataType1(Parser.java:6249) ~[h2-2.1.214.jar:2.1.214]
	at org.h2.command.Parser.readIfDataType(Parser.java:6087) ~[h2-2.1.214.jar:2.1.214]
	at org.h2.command.Parser.parseColumnWithType(Parser.java:6069) ~[h2-2.1.214.jar:2.1.214]
	at org.h2.command.Parser.parseColumnForTable(Parser.java:5948) ~[h2-2.1.214.jar:2.1.214]
	at org.h2.command.Parser.parseTableColumnDefinition(Parser.java:9331) ~[h2-2.1.214.jar:2.1.214]
	at org.h2.command.Parser.parseCreateTable(Parser.java:9271) ~[h2-2.1.214.jar:2.1.214]
	at org.h2.command.Parser.parseCreate(Parser.java:6784) ~[h2-2.1.214.jar:2.1.214]
	at org.h2.command.Parser.parsePrepared(Parser.java:763) ~[h2-2.1.214.jar:2.1.214]
	at org.h2.command.Parser.parse(Parser.java:689) ~[h2-2.1.214.jar:2.1.214]
	at org.h2.command.Parser.parse(Parser.java:661) ~[h2-2.1.214.jar:2.1.214]
	at org.h2.command.Parser.prepareCommand(Parser.java:569) ~[h2-2.1.214.jar:2.1.214]
	at org.h2.engine.SessionLocal.prepareLocal(SessionLocal.java:631) ~[h2-2.1.214.jar:2.1.214]
	at org.h2.engine.SessionLocal.prepareCommand(SessionLocal.java:554) ~[h2-2.1.214.jar:2.1.214]
	at org.h2.jdbc.JdbcConnection.prepareCommand(JdbcConnection.java:1116) ~[h2-2.1.214.jar:2.1.214]
	at org.h2.jdbc.JdbcStatement.executeInternal(JdbcStatement.java:237) ~[h2-2.1.214.jar:2.1.214]
	at org.h2.jdbc.JdbcStatement.execute(JdbcStatement.java:223) ~[h2-2.1.214.jar:2.1.214]
	at com.zaxxer.hikari.pool.ProxyStatement.execute(ProxyStatement.java:94) ~[HikariCP-4.0.3.jar:na]
	at com.zaxxer.hikari.pool.HikariProxyStatement.execute(HikariProxyStatement.java) ~[HikariCP-4.0.3.jar:na]
	at org.hibernate.tool.schema.internal.exec.GenerationTargetToDatabase.accept(GenerationTargetToDatabase.java:54) ~[hibernate-core-5.6.15.Final.jar:5.6.15.Final]
	... 34 common frames omitted

2025-07-30 02:48:59.617  WARN 92819 --- [           main] o.h.t.s.i.ExceptionHandlerLoggedImpl     : GenerationTarget encountered exception accepting command : Error executing DDL "
    create table nhat_ky_hoat_dong (
       id bigint generated by default as identity,
        hanh_dong varchar(255) not null,
        du_lieu_thay_doi jsonb,
        ngay_tao timestamp not null,
        ghi_chu TEXT,
        id_nguoi_thuc_hien bigint,
        loai_nguoi_thuc_hien varchar(255) not null,
        doi_tuong varchar(255) not null,
        id_doi_tuong varchar(255) not null,
        primary key (id)
    )" via JDBC Statement

org.hibernate.tool.schema.spi.CommandAcceptanceException: Error executing DDL "
    create table nhat_ky_hoat_dong (
       id bigint generated by default as identity,
        hanh_dong varchar(255) not null,
        du_lieu_thay_doi jsonb,
        ngay_tao timestamp not null,
        ghi_chu TEXT,
        id_nguoi_thuc_hien bigint,
        loai_nguoi_thuc_hien varchar(255) not null,
        doi_tuong varchar(255) not null,
        id_doi_tuong varchar(255) not null,
        primary key (id)
    )" via JDBC Statement
	at org.hibernate.tool.schema.internal.exec.GenerationTargetToDatabase.accept(GenerationTargetToDatabase.java:67) ~[hibernate-core-5.6.15.Final.jar:5.6.15.Final]
	at org.hibernate.tool.schema.internal.SchemaCreatorImpl.applySqlString(SchemaCreatorImpl.java:458) ~[hibernate-core-5.6.15.Final.jar:5.6.15.Final]
	at org.hibernate.tool.schema.internal.SchemaCreatorImpl.applySqlStrings(SchemaCreatorImpl.java:442) ~[hibernate-core-5.6.15.Final.jar:5.6.15.Final]
	at org.hibernate.tool.schema.internal.SchemaCreatorImpl.createFromMetadata(SchemaCreatorImpl.java:325) ~[hibernate-core-5.6.15.Final.jar:5.6.15.Final]
	at org.hibernate.tool.schema.internal.SchemaCreatorImpl.performCreation(SchemaCreatorImpl.java:169) ~[hibernate-core-5.6.15.Final.jar:5.6.15.Final]
	at org.hibernate.tool.schema.internal.SchemaCreatorImpl.doCreation(SchemaCreatorImpl.java:138) ~[hibernate-core-5.6.15.Final.jar:5.6.15.Final]
	at org.hibernate.tool.schema.internal.SchemaCreatorImpl.doCreation(SchemaCreatorImpl.java:124) ~[hibernate-core-5.6.15.Final.jar:5.6.15.Final]
	at org.hibernate.tool.schema.spi.SchemaManagementToolCoordinator.performDatabaseAction(SchemaManagementToolCoordinator.java:168) ~[hibernate-core-5.6.15.Final.jar:5.6.15.Final]
	at org.hibernate.tool.schema.spi.SchemaManagementToolCoordinator.process(SchemaManagementToolCoordinator.java:85) ~[hibernate-core-5.6.15.Final.jar:5.6.15.Final]
	at org.hibernate.internal.SessionFactoryImpl.<init>(SessionFactoryImpl.java:335) ~[hibernate-core-5.6.15.Final.jar:5.6.15.Final]
	at org.hibernate.boot.internal.SessionFactoryBuilderImpl.build(SessionFactoryBuilderImpl.java:471) ~[hibernate-core-5.6.15.Final.jar:5.6.15.Final]
	at org.hibernate.jpa.boot.internal.EntityManagerFactoryBuilderImpl.build(EntityManagerFactoryBuilderImpl.java:1498) ~[hibernate-core-5.6.15.Final.jar:5.6.15.Final]
	at org.springframework.orm.jpa.vendor.SpringHibernateJpaPersistenceProvider.createContainerEntityManagerFactory(SpringHibernateJpaPersistenceProvider.java:58) ~[spring-orm-5.3.31.jar:5.3.31]
	at org.springframework.orm.jpa.LocalContainerEntityManagerFactoryBean.createNativeEntityManagerFactory(LocalContainerEntityManagerFactoryBean.java:365) ~[spring-orm-5.3.31.jar:5.3.31]
	at org.springframework.orm.jpa.AbstractEntityManagerFactoryBean.buildNativeEntityManagerFactory(AbstractEntityManagerFactoryBean.java:409) ~[spring-orm-5.3.31.jar:5.3.31]
	at org.springframework.orm.jpa.AbstractEntityManagerFactoryBean.afterPropertiesSet(AbstractEntityManagerFactoryBean.java:396) ~[spring-orm-5.3.31.jar:5.3.31]
	at org.springframework.orm.jpa.LocalContainerEntityManagerFactoryBean.afterPropertiesSet(LocalContainerEntityManagerFactoryBean.java:341) ~[spring-orm-5.3.31.jar:5.3.31]
	at org.springframework.beans.factory.support.AbstractAutowireCapableBeanFactory.invokeInitMethods(AbstractAutowireCapableBeanFactory.java:1863) ~[spring-beans-5.3.31.jar:5.3.31]
	at org.springframework.beans.factory.support.AbstractAutowireCapableBeanFactory.initializeBean(AbstractAutowireCapableBeanFactory.java:1800) ~[spring-beans-5.3.31.jar:5.3.31]
	at org.springframework.beans.factory.support.AbstractAutowireCapableBeanFactory.doCreateBean(AbstractAutowireCapableBeanFactory.java:620) ~[spring-beans-5.3.31.jar:5.3.31]
	at org.springframework.beans.factory.support.AbstractAutowireCapableBeanFactory.createBean(AbstractAutowireCapableBeanFactory.java:542) ~[spring-beans-5.3.31.jar:5.3.31]
	at org.springframework.beans.factory.support.AbstractBeanFactory.lambda$doGetBean$0(AbstractBeanFactory.java:335) ~[spring-beans-5.3.31.jar:5.3.31]
	at org.springframework.beans.factory.support.DefaultSingletonBeanRegistry.getSingleton(DefaultSingletonBeanRegistry.java:234) ~[spring-beans-5.3.31.jar:5.3.31]
	at org.springframework.beans.factory.support.AbstractBeanFactory.doGetBean(AbstractBeanFactory.java:333) ~[spring-beans-5.3.31.jar:5.3.31]
	at org.springframework.beans.factory.support.AbstractBeanFactory.getBean(AbstractBeanFactory.java:208) ~[spring-beans-5.3.31.jar:5.3.31]
	at org.springframework.context.support.AbstractApplicationContext.getBean(AbstractApplicationContext.java:1168) ~[spring-context-5.3.31.jar:5.3.31]
	at org.springframework.context.support.AbstractApplicationContext.finishBeanFactoryInitialization(AbstractApplicationContext.java:919) ~[spring-context-5.3.31.jar:5.3.31]
	at org.springframework.context.support.AbstractApplicationContext.refresh(AbstractApplicationContext.java:591) ~[spring-context-5.3.31.jar:5.3.31]
	at org.springframework.boot.web.servlet.context.ServletWebServerApplicationContext.refresh(ServletWebServerApplicationContext.java:147) ~[spring-boot-2.7.18.jar:2.7.18]
	at org.springframework.boot.SpringApplication.refresh(SpringApplication.java:732) ~[spring-boot-2.7.18.jar:2.7.18]
	at org.springframework.boot.SpringApplication.refreshContext(SpringApplication.java:409) ~[spring-boot-2.7.18.jar:2.7.18]
	at org.springframework.boot.SpringApplication.run(SpringApplication.java:308) ~[spring-boot-2.7.18.jar:2.7.18]
	at org.springframework.boot.SpringApplication.run(SpringApplication.java:1300) ~[spring-boot-2.7.18.jar:2.7.18]
	at org.springframework.boot.SpringApplication.run(SpringApplication.java:1289) ~[spring-boot-2.7.18.jar:2.7.18]
	at com.zmen.backend.ZmenBackendApplication.main(ZmenBackendApplication.java:11) ~[classes/:na]
Caused by: org.h2.jdbc.JdbcSQLNonTransientException: Unknown data type: "JSONB"; SQL statement:

    create table nhat_ky_hoat_dong (
       id bigint generated by default as identity,
        hanh_dong varchar(255) not null,
        du_lieu_thay_doi jsonb,
        ngay_tao timestamp not null,
        ghi_chu TEXT,
        id_nguoi_thuc_hien bigint,
        loai_nguoi_thuc_hien varchar(255) not null,
        doi_tuong varchar(255) not null,
        id_doi_tuong varchar(255) not null,
        primary key (id)
    ) [50004-214]
	at org.h2.message.DbException.getJdbcSQLException(DbException.java:554) ~[h2-2.1.214.jar:2.1.214]
	at org.h2.message.DbException.getJdbcSQLException(DbException.java:477) ~[h2-2.1.214.jar:2.1.214]
	at org.h2.message.DbException.get(DbException.java:223) ~[h2-2.1.214.jar:2.1.214]
	at org.h2.message.DbException.get(DbException.java:199) ~[h2-2.1.214.jar:2.1.214]
	at org.h2.command.Parser.readIfDataType1(Parser.java:6249) ~[h2-2.1.214.jar:2.1.214]
	at org.h2.command.Parser.readIfDataType(Parser.java:6087) ~[h2-2.1.214.jar:2.1.214]
	at org.h2.command.Parser.parseColumnWithType(Parser.java:6069) ~[h2-2.1.214.jar:2.1.214]
	at org.h2.command.Parser.parseColumnForTable(Parser.java:5948) ~[h2-2.1.214.jar:2.1.214]
	at org.h2.command.Parser.parseTableColumnDefinition(Parser.java:9331) ~[h2-2.1.214.jar:2.1.214]
	at org.h2.command.Parser.parseCreateTable(Parser.java:9271) ~[h2-2.1.214.jar:2.1.214]
	at org.h2.command.Parser.parseCreate(Parser.java:6784) ~[h2-2.1.214.jar:2.1.214]
	at org.h2.command.Parser.parsePrepared(Parser.java:763) ~[h2-2.1.214.jar:2.1.214]
	at org.h2.command.Parser.parse(Parser.java:689) ~[h2-2.1.214.jar:2.1.214]
	at org.h2.command.Parser.parse(Parser.java:661) ~[h2-2.1.214.jar:2.1.214]
	at org.h2.command.Parser.prepareCommand(Parser.java:569) ~[h2-2.1.214.jar:2.1.214]
	at org.h2.engine.SessionLocal.prepareLocal(SessionLocal.java:631) ~[h2-2.1.214.jar:2.1.214]
	at org.h2.engine.SessionLocal.prepareCommand(SessionLocal.java:554) ~[h2-2.1.214.jar:2.1.214]
	at org.h2.jdbc.JdbcConnection.prepareCommand(JdbcConnection.java:1116) ~[h2-2.1.214.jar:2.1.214]
	at org.h2.jdbc.JdbcStatement.executeInternal(JdbcStatement.java:237) ~[h2-2.1.214.jar:2.1.214]
	at org.h2.jdbc.JdbcStatement.execute(JdbcStatement.java:223) ~[h2-2.1.214.jar:2.1.214]
	at com.zaxxer.hikari.pool.ProxyStatement.execute(ProxyStatement.java:94) ~[HikariCP-4.0.3.jar:na]
	at com.zaxxer.hikari.pool.HikariProxyStatement.execute(HikariProxyStatement.java) ~[HikariCP-4.0.3.jar:na]
	at org.hibernate.tool.schema.internal.exec.GenerationTargetToDatabase.accept(GenerationTargetToDatabase.java:54) ~[hibernate-core-5.6.15.Final.jar:5.6.15.Final]
	... 34 common frames omitted

2025-07-30 02:48:59.670  INFO 92819 --- [           main] o.h.e.t.j.p.i.JtaPlatformInitiator       : HHH000490: Using JtaPlatform implementation: [org.hibernate.engine.transaction.jta.platform.internal.NoJtaPlatform]
2025-07-30 02:48:59.675  INFO 92819 --- [           main] j.LocalContainerEntityManagerFactoryBean : Initialized JPA EntityManagerFactory for persistence unit 'default'
2025-07-30 02:48:59.734  WARN 92819 --- [           main] JpaBaseConfiguration$JpaWebConfiguration : spring.jpa.open-in-view is enabled by default. Therefore, database queries may be performed during view rendering. Explicitly configure spring.jpa.open-in-view to disable this warning
2025-07-30 02:49:00.249  WARN 92819 --- [           main] .s.s.UserDetailsServiceAutoConfiguration : 

Using generated security password: c010923b-b144-4930-b97b-4792e02fab2f

This generated password is for development use only. Your security configuration must be updated before running your application in production.

2025-07-30 02:49:00.287 DEBUG 92819 --- [           main] edFilterInvocationSecurityMetadataSource : Adding web access control expression [permitAll] for Ant [pattern='/api/**']
2025-07-30 02:49:00.287 DEBUG 92819 --- [           main] edFilterInvocationSecurityMetadataSource : Adding web access control expression [permitAll] for Ant [pattern='/swagger-ui/**']
2025-07-30 02:49:00.287 DEBUG 92819 --- [           main] edFilterInvocationSecurityMetadataSource : Adding web access control expression [permitAll] for Ant [pattern='/swagger-ui.html']
2025-07-30 02:49:00.287 DEBUG 92819 --- [           main] edFilterInvocationSecurityMetadataSource : Adding web access control expression [permitAll] for Ant [pattern='/v2/api-docs']
2025-07-30 02:49:00.287 DEBUG 92819 --- [           main] edFilterInvocationSecurityMetadataSource : Adding web access control expression [permitAll] for Ant [pattern='/v3/api-docs/**']
2025-07-30 02:49:00.287 DEBUG 92819 --- [           main] edFilterInvocationSecurityMetadataSource : Adding web access control expression [permitAll] for Ant [pattern='/api-docs/**']
2025-07-30 02:49:00.287 DEBUG 92819 --- [           main] edFilterInvocationSecurityMetadataSource : Adding web access control expression [permitAll] for Ant [pattern='/swagger-resources/**']
2025-07-30 02:49:00.287 DEBUG 92819 --- [           main] edFilterInvocationSecurityMetadataSource : Adding web access control expression [authenticated] for any request
2025-07-30 02:49:00.290  INFO 92819 --- [           main] o.s.s.web.DefaultSecurityFilterChain     : Will secure any request with [org.springframework.security.web.session.DisableEncodeUrlFilter@4cd886b7, org.springframework.security.web.context.request.async.WebAsyncManagerIntegrationFilter@56ed9270, org.springframework.security.web.context.SecurityContextPersistenceFilter@670e6fa3, org.springframework.security.web.header.HeaderWriterFilter@73fa97a9, org.springframework.web.filter.CorsFilter@551fefe8, org.springframework.security.web.authentication.logout.LogoutFilter@761d679f, org.springframework.security.web.savedrequest.RequestCacheAwareFilter@4c617143, org.springframework.security.web.servletapi.SecurityContextHolderAwareRequestFilter@26e588b7, org.springframework.security.web.authentication.AnonymousAuthenticationFilter@6affa355, org.springframework.security.web.session.SessionManagementFilter@2512eaaa, org.springframework.security.web.access.ExceptionTranslationFilter@1147a8de, org.springframework.security.web.access.intercept.FilterSecurityInterceptor@62857555]
2025-07-30 02:49:00.739  INFO 92819 --- [           main] o.s.b.w.embedded.tomcat.TomcatWebServer  : Tomcat started on port(s): 8080 (http) with context path ''
2025-07-30 02:49:00.744  INFO 92819 --- [           main] com.zmen.backend.ZmenBackendApplication  : Started ZmenBackendApplication in 3.083 seconds (JVM running for 3.247)
2025-07-30 02:49:26.496  INFO 92819 --- [nio-8080-exec-1] o.a.c.c.C.[Tomcat].[localhost].[/]       : Initializing Spring DispatcherServlet 'dispatcherServlet'
2025-07-30 02:49:26.496  INFO 92819 --- [nio-8080-exec-1] o.s.web.servlet.DispatcherServlet        : Initializing Servlet 'dispatcherServlet'
2025-07-30 02:49:26.497  INFO 92819 --- [nio-8080-exec-1] o.s.web.servlet.DispatcherServlet        : Completed initialization in 1 ms
2025-07-30 02:49:26.503 DEBUG 92819 --- [nio-8080-exec-1] o.s.security.web.FilterChainProxy        : Securing GET /api/brands
2025-07-30 02:49:26.506 DEBUG 92819 --- [nio-8080-exec-1] s.s.w.c.SecurityContextPersistenceFilter : Set SecurityContextHolder to empty SecurityContext
2025-07-30 02:49:26.509 DEBUG 92819 --- [nio-8080-exec-1] o.s.s.w.a.AnonymousAuthenticationFilter  : Set SecurityContextHolder to anonymous SecurityContext
2025-07-30 02:49:26.513 DEBUG 92819 --- [nio-8080-exec-1] o.s.s.w.a.i.FilterSecurityInterceptor    : Authorized filter invocation [GET /api/brands] with attributes [permitAll]
2025-07-30 02:49:26.513 DEBUG 92819 --- [nio-8080-exec-1] o.s.security.web.FilterChainProxy        : Secured GET /api/brands
2025-07-30 02:49:26.602 DEBUG 92819 --- [nio-8080-exec-1] w.c.HttpSessionSecurityContextRepository : Did not store anonymous SecurityContext
2025-07-30 02:49:26.603 DEBUG 92819 --- [nio-8080-exec-1] w.c.HttpSessionSecurityContextRepository : Did not store anonymous SecurityContext
2025-07-30 02:49:26.603 DEBUG 92819 --- [nio-8080-exec-1] s.s.w.c.SecurityContextPersistenceFilter : Cleared SecurityContextHolder to complete request
2025-07-30 02:49:32.808 DEBUG 92819 --- [nio-8080-exec-3] o.s.security.web.FilterChainProxy        : Securing GET /api/categories
2025-07-30 02:49:32.808 DEBUG 92819 --- [nio-8080-exec-3] s.s.w.c.SecurityContextPersistenceFilter : Set SecurityContextHolder to empty SecurityContext
2025-07-30 02:49:32.809 DEBUG 92819 --- [nio-8080-exec-3] o.s.s.w.a.AnonymousAuthenticationFilter  : Set SecurityContextHolder to anonymous SecurityContext
2025-07-30 02:49:32.809 DEBUG 92819 --- [nio-8080-exec-3] o.s.s.w.a.i.FilterSecurityInterceptor    : Authorized filter invocation [GET /api/categories] with attributes [permitAll]
2025-07-30 02:49:32.809 DEBUG 92819 --- [nio-8080-exec-3] o.s.security.web.FilterChainProxy        : Secured GET /api/categories
2025-07-30 02:49:32.825 DEBUG 92819 --- [nio-8080-exec-3] w.c.HttpSessionSecurityContextRepository : Did not store anonymous SecurityContext
2025-07-30 02:49:32.826 DEBUG 92819 --- [nio-8080-exec-3] w.c.HttpSessionSecurityContextRepository : Did not store anonymous SecurityContext
2025-07-30 02:49:32.826 DEBUG 92819 --- [nio-8080-exec-3] s.s.w.c.SecurityContextPersistenceFilter : Cleared SecurityContextHolder to complete request
2025-07-30 02:49:38.733 DEBUG 92819 --- [nio-8080-exec-5] o.s.security.web.FilterChainProxy        : Securing GET /v3/api-docs
2025-07-30 02:49:38.734 DEBUG 92819 --- [nio-8080-exec-5] s.s.w.c.SecurityContextPersistenceFilter : Set SecurityContextHolder to empty SecurityContext
2025-07-30 02:49:38.734 DEBUG 92819 --- [nio-8080-exec-5] o.s.s.w.a.AnonymousAuthenticationFilter  : Set SecurityContextHolder to anonymous SecurityContext
2025-07-30 02:49:38.734 DEBUG 92819 --- [nio-8080-exec-5] o.s.s.w.a.i.FilterSecurityInterceptor    : Authorized filter invocation [GET /v3/api-docs] with attributes [permitAll]
2025-07-30 02:49:38.734 DEBUG 92819 --- [nio-8080-exec-5] o.s.security.web.FilterChainProxy        : Secured GET /v3/api-docs
2025-07-30 02:49:38.740 DEBUG 92819 --- [nio-8080-exec-5] w.c.HttpSessionSecurityContextRepository : Did not store anonymous SecurityContext
2025-07-30 02:49:38.740 DEBUG 92819 --- [nio-8080-exec-5] w.c.HttpSessionSecurityContextRepository : Did not store anonymous SecurityContext
2025-07-30 02:49:38.740 DEBUG 92819 --- [nio-8080-exec-5] s.s.w.c.SecurityContextPersistenceFilter : Cleared SecurityContextHolder to complete request
2025-07-30 02:49:38.742 DEBUG 92819 --- [nio-8080-exec-5] o.s.security.web.FilterChainProxy        : Securing GET /error
2025-07-30 02:49:38.742 DEBUG 92819 --- [nio-8080-exec-5] s.s.w.c.SecurityContextPersistenceFilter : Set SecurityContextHolder to empty SecurityContext
2025-07-30 02:49:38.742 DEBUG 92819 --- [nio-8080-exec-5] o.s.s.w.a.AnonymousAuthenticationFilter  : Set SecurityContextHolder to anonymous SecurityContext
2025-07-30 02:49:38.742 DEBUG 92819 --- [nio-8080-exec-5] o.s.security.web.FilterChainProxy        : Secured GET /error
2025-07-30 02:49:38.745 DEBUG 92819 --- [nio-8080-exec-5] w.c.HttpSessionSecurityContextRepository : Did not store anonymous SecurityContext
2025-07-30 02:49:38.745 DEBUG 92819 --- [nio-8080-exec-5] w.c.HttpSessionSecurityContextRepository : Did not store anonymous SecurityContext
2025-07-30 02:49:38.745 DEBUG 92819 --- [nio-8080-exec-5] s.s.w.c.SecurityContextPersistenceFilter : Cleared SecurityContextHolder to complete request
2025-07-30 02:49:42.734 DEBUG 92819 --- [nio-8080-exec-7] o.s.security.web.FilterChainProxy        : Securing GET /swagger-ui/index.html
2025-07-30 02:49:42.734 DEBUG 92819 --- [nio-8080-exec-7] s.s.w.c.SecurityContextPersistenceFilter : Set SecurityContextHolder to empty SecurityContext
2025-07-30 02:49:42.734 DEBUG 92819 --- [nio-8080-exec-7] o.s.s.w.a.AnonymousAuthenticationFilter  : Set SecurityContextHolder to anonymous SecurityContext
2025-07-30 02:49:42.735 DEBUG 92819 --- [nio-8080-exec-7] o.s.s.w.a.i.FilterSecurityInterceptor    : Authorized filter invocation [GET /swagger-ui/index.html] with attributes [permitAll]
2025-07-30 02:49:42.735 DEBUG 92819 --- [nio-8080-exec-7] o.s.security.web.FilterChainProxy        : Secured GET /swagger-ui/index.html
2025-07-30 02:49:42.743 DEBUG 92819 --- [nio-8080-exec-7] w.c.HttpSessionSecurityContextRepository : Did not store anonymous SecurityContext
2025-07-30 02:49:42.744 DEBUG 92819 --- [nio-8080-exec-7] w.c.HttpSessionSecurityContextRepository : Did not store anonymous SecurityContext
2025-07-30 02:49:42.744 DEBUG 92819 --- [nio-8080-exec-7] s.s.w.c.SecurityContextPersistenceFilter : Cleared SecurityContextHolder to complete request
2025-07-30 02:49:47.249 DEBUG 92819 --- [nio-8080-exec-8] o.s.security.web.FilterChainProxy        : Securing GET /api/auth/me
2025-07-30 02:49:47.249 DEBUG 92819 --- [nio-8080-exec-8] s.s.w.c.SecurityContextPersistenceFilter : Set SecurityContextHolder to empty SecurityContext
2025-07-30 02:49:47.249 DEBUG 92819 --- [nio-8080-exec-8] o.s.s.w.a.AnonymousAuthenticationFilter  : Set SecurityContextHolder to anonymous SecurityContext
2025-07-30 02:49:47.249 DEBUG 92819 --- [nio-8080-exec-8] o.s.s.w.a.i.FilterSecurityInterceptor    : Authorized filter invocation [GET /api/auth/me] with attributes [permitAll]
2025-07-30 02:49:47.249 DEBUG 92819 --- [nio-8080-exec-8] o.s.security.web.FilterChainProxy        : Secured GET /api/auth/me
2025-07-30 02:49:47.254 DEBUG 92819 --- [nio-8080-exec-8] w.c.HttpSessionSecurityContextRepository : Did not store anonymous SecurityContext
2025-07-30 02:49:47.254 DEBUG 92819 --- [nio-8080-exec-8] w.c.HttpSessionSecurityContextRepository : Did not store anonymous SecurityContext
2025-07-30 02:49:47.254 DEBUG 92819 --- [nio-8080-exec-8] s.s.w.c.SecurityContextPersistenceFilter : Cleared SecurityContextHolder to complete request
2025-07-30 02:51:08.075 DEBUG 92819 --- [io-8080-exec-10] o.s.security.web.FilterChainProxy        : Securing GET /swagger-ui/
2025-07-30 02:51:08.076 DEBUG 92819 --- [io-8080-exec-10] s.s.w.c.SecurityContextPersistenceFilter : Set SecurityContextHolder to empty SecurityContext
2025-07-30 02:51:08.076 DEBUG 92819 --- [io-8080-exec-10] o.s.s.w.a.AnonymousAuthenticationFilter  : Set SecurityContextHolder to anonymous SecurityContext
2025-07-30 02:51:08.077 DEBUG 92819 --- [io-8080-exec-10] o.s.s.w.session.SessionManagementFilter  : Request requested invalid session id 84DD6864A2A272361BE4172FA8724ED2
2025-07-30 02:51:08.077 DEBUG 92819 --- [io-8080-exec-10] o.s.s.w.a.i.FilterSecurityInterceptor    : Authorized filter invocation [GET /swagger-ui/] with attributes [permitAll]
2025-07-30 02:51:08.077 DEBUG 92819 --- [io-8080-exec-10] o.s.security.web.FilterChainProxy        : Secured GET /swagger-ui/
2025-07-30 02:51:08.082 DEBUG 92819 --- [io-8080-exec-10] w.c.HttpSessionSecurityContextRepository : Did not store anonymous SecurityContext
2025-07-30 02:51:08.082 DEBUG 92819 --- [io-8080-exec-10] w.c.HttpSessionSecurityContextRepository : Did not store anonymous SecurityContext
2025-07-30 02:51:08.082 DEBUG 92819 --- [io-8080-exec-10] s.s.w.c.SecurityContextPersistenceFilter : Cleared SecurityContextHolder to complete request
2025-07-30 02:51:08.083 DEBUG 92819 --- [io-8080-exec-10] o.s.security.web.FilterChainProxy        : Securing GET /error
2025-07-30 02:51:08.083 DEBUG 92819 --- [io-8080-exec-10] s.s.w.c.SecurityContextPersistenceFilter : Set SecurityContextHolder to empty SecurityContext
2025-07-30 02:51:08.083 DEBUG 92819 --- [io-8080-exec-10] o.s.s.w.a.AnonymousAuthenticationFilter  : Set SecurityContextHolder to anonymous SecurityContext
2025-07-30 02:51:08.083 DEBUG 92819 --- [io-8080-exec-10] o.s.security.web.FilterChainProxy        : Secured GET /error
2025-07-30 02:51:08.098 DEBUG 92819 --- [io-8080-exec-10] w.c.HttpSessionSecurityContextRepository : Did not store anonymous SecurityContext
2025-07-30 02:51:08.098 DEBUG 92819 --- [io-8080-exec-10] s.s.w.c.SecurityContextPersistenceFilter : Cleared SecurityContextHolder to complete request
2025-07-30 02:51:08.507 DEBUG 92819 --- [nio-8080-exec-1] o.s.security.web.FilterChainProxy        : Securing GET /favicon.ico
2025-07-30 02:51:08.508 DEBUG 92819 --- [nio-8080-exec-1] s.s.w.c.SecurityContextPersistenceFilter : Set SecurityContextHolder to empty SecurityContext
2025-07-30 02:51:08.508 DEBUG 92819 --- [nio-8080-exec-1] o.s.s.w.a.AnonymousAuthenticationFilter  : Set SecurityContextHolder to anonymous SecurityContext
2025-07-30 02:51:08.508 DEBUG 92819 --- [nio-8080-exec-1] o.s.s.w.session.SessionManagementFilter  : Request requested invalid session id 84DD6864A2A272361BE4172FA8724ED2
2025-07-30 02:51:08.509 DEBUG 92819 --- [nio-8080-exec-1] o.s.s.w.a.i.FilterSecurityInterceptor    : Failed to authorize filter invocation [GET /favicon.ico] with attributes [authenticated]
2025-07-30 02:51:08.510 DEBUG 92819 --- [nio-8080-exec-1] o.s.s.w.a.Http403ForbiddenEntryPoint     : Pre-authenticated entry point called. Rejecting access
2025-07-30 02:51:08.510 DEBUG 92819 --- [nio-8080-exec-1] w.c.HttpSessionSecurityContextRepository : Did not store empty SecurityContext
2025-07-30 02:51:08.510 DEBUG 92819 --- [nio-8080-exec-1] w.c.HttpSessionSecurityContextRepository : Did not store empty SecurityContext
2025-07-30 02:51:08.510 DEBUG 92819 --- [nio-8080-exec-1] s.s.w.c.SecurityContextPersistenceFilter : Cleared SecurityContextHolder to complete request
2025-07-30 02:51:08.510 DEBUG 92819 --- [nio-8080-exec-1] o.s.security.web.FilterChainProxy        : Securing GET /error
2025-07-30 02:51:08.510 DEBUG 92819 --- [nio-8080-exec-1] s.s.w.c.SecurityContextPersistenceFilter : Set SecurityContextHolder to empty SecurityContext
2025-07-30 02:51:08.510 DEBUG 92819 --- [nio-8080-exec-1] o.s.s.w.a.AnonymousAuthenticationFilter  : Set SecurityContextHolder to anonymous SecurityContext
2025-07-30 02:51:08.510 DEBUG 92819 --- [nio-8080-exec-1] o.s.security.web.FilterChainProxy        : Secured GET /error
2025-07-30 02:51:08.520 DEBUG 92819 --- [nio-8080-exec-1] w.c.HttpSessionSecurityContextRepository : Did not store anonymous SecurityContext
2025-07-30 02:51:08.522 DEBUG 92819 --- [nio-8080-exec-1] w.c.HttpSessionSecurityContextRepository : Did not store anonymous SecurityContext
2025-07-30 02:51:08.522 DEBUG 92819 --- [nio-8080-exec-1] s.s.w.c.SecurityContextPersistenceFilter : Cleared SecurityContextHolder to complete request
2025-07-30 02:51:17.007 DEBUG 92819 --- [nio-8080-exec-4] o.s.security.web.FilterChainProxy        : Securing GET /
2025-07-30 02:51:17.007 DEBUG 92819 --- [nio-8080-exec-4] s.s.w.c.SecurityContextPersistenceFilter : Set SecurityContextHolder to empty SecurityContext
2025-07-30 02:51:17.008 DEBUG 92819 --- [nio-8080-exec-4] o.s.s.w.a.AnonymousAuthenticationFilter  : Set SecurityContextHolder to anonymous SecurityContext
2025-07-30 02:51:17.008 DEBUG 92819 --- [nio-8080-exec-4] o.s.s.w.session.SessionManagementFilter  : Request requested invalid session id 84DD6864A2A272361BE4172FA8724ED2
2025-07-30 02:51:17.008 DEBUG 92819 --- [nio-8080-exec-4] o.s.s.w.a.i.FilterSecurityInterceptor    : Failed to authorize filter invocation [GET /] with attributes [authenticated]
2025-07-30 02:51:17.021 DEBUG 92819 --- [nio-8080-exec-4] o.s.s.w.s.HttpSessionRequestCache        : Saved request http://localhost:8080/ to session
2025-07-30 02:51:17.021 DEBUG 92819 --- [nio-8080-exec-4] o.s.s.w.a.Http403ForbiddenEntryPoint     : Pre-authenticated entry point called. Rejecting access
2025-07-30 02:51:17.021 DEBUG 92819 --- [nio-8080-exec-4] w.c.HttpSessionSecurityContextRepository : Did not store empty SecurityContext
2025-07-30 02:51:17.021 DEBUG 92819 --- [nio-8080-exec-4] w.c.HttpSessionSecurityContextRepository : Did not store empty SecurityContext
2025-07-30 02:51:17.021 DEBUG 92819 --- [nio-8080-exec-4] s.s.w.c.SecurityContextPersistenceFilter : Cleared SecurityContextHolder to complete request
2025-07-30 02:51:17.022 DEBUG 92819 --- [nio-8080-exec-4] o.s.security.web.FilterChainProxy        : Securing GET /error
2025-07-30 02:51:17.022 DEBUG 92819 --- [nio-8080-exec-4] s.s.w.c.SecurityContextPersistenceFilter : Set SecurityContextHolder to empty SecurityContext
2025-07-30 02:51:17.022 DEBUG 92819 --- [nio-8080-exec-4] o.s.s.w.a.AnonymousAuthenticationFilter  : Set SecurityContextHolder to anonymous SecurityContext
2025-07-30 02:51:17.022 DEBUG 92819 --- [nio-8080-exec-4] o.s.security.web.FilterChainProxy        : Secured GET /error
2025-07-30 02:51:17.025 DEBUG 92819 --- [nio-8080-exec-4] w.c.HttpSessionSecurityContextRepository : Did not store anonymous SecurityContext
2025-07-30 02:51:17.025 DEBUG 92819 --- [nio-8080-exec-4] s.s.w.c.SecurityContextPersistenceFilter : Cleared SecurityContextHolder to complete request
2025-07-30 02:51:17.432 DEBUG 92819 --- [nio-8080-exec-5] o.s.security.web.FilterChainProxy        : Securing GET /favicon.ico
2025-07-30 02:51:17.432 DEBUG 92819 --- [nio-8080-exec-5] s.s.w.c.SecurityContextPersistenceFilter : Set SecurityContextHolder to empty SecurityContext
2025-07-30 02:51:17.433 DEBUG 92819 --- [nio-8080-exec-5] o.s.s.w.a.AnonymousAuthenticationFilter  : Set SecurityContextHolder to anonymous SecurityContext
2025-07-30 02:51:17.434 DEBUG 92819 --- [nio-8080-exec-5] o.s.s.w.a.i.FilterSecurityInterceptor    : Failed to authorize filter invocation [GET /favicon.ico] with attributes [authenticated]
2025-07-30 02:51:17.434 DEBUG 92819 --- [nio-8080-exec-5] o.s.s.w.a.Http403ForbiddenEntryPoint     : Pre-authenticated entry point called. Rejecting access
2025-07-30 02:51:17.434 DEBUG 92819 --- [nio-8080-exec-5] w.c.HttpSessionSecurityContextRepository : Did not store empty SecurityContext
2025-07-30 02:51:17.434 DEBUG 92819 --- [nio-8080-exec-5] w.c.HttpSessionSecurityContextRepository : Did not store empty SecurityContext
2025-07-30 02:51:17.434 DEBUG 92819 --- [nio-8080-exec-5] s.s.w.c.SecurityContextPersistenceFilter : Cleared SecurityContextHolder to complete request
2025-07-30 02:51:17.434 DEBUG 92819 --- [nio-8080-exec-5] o.s.security.web.FilterChainProxy        : Securing GET /error
2025-07-30 02:51:17.435 DEBUG 92819 --- [nio-8080-exec-5] s.s.w.c.SecurityContextPersistenceFilter : Set SecurityContextHolder to empty SecurityContext
2025-07-30 02:51:17.435 DEBUG 92819 --- [nio-8080-exec-5] o.s.s.w.a.AnonymousAuthenticationFilter  : Set SecurityContextHolder to anonymous SecurityContext
2025-07-30 02:51:17.435 DEBUG 92819 --- [nio-8080-exec-5] o.s.security.web.FilterChainProxy        : Secured GET /error
2025-07-30 02:51:17.436 DEBUG 92819 --- [nio-8080-exec-5] w.c.HttpSessionSecurityContextRepository : Did not store anonymous SecurityContext
2025-07-30 02:51:17.436 DEBUG 92819 --- [nio-8080-exec-5] w.c.HttpSessionSecurityContextRepository : Did not store anonymous SecurityContext
2025-07-30 02:51:17.436 DEBUG 92819 --- [nio-8080-exec-5] s.s.w.c.SecurityContextPersistenceFilter : Cleared SecurityContextHolder to complete request
2025-07-30 02:51:19.182 DEBUG 92819 --- [nio-8080-exec-6] o.s.security.web.FilterChainProxy        : Securing GET /swagger-ui/index.html
2025-07-30 02:51:19.183 DEBUG 92819 --- [nio-8080-exec-6] s.s.w.c.SecurityContextPersistenceFilter : Set SecurityContextHolder to empty SecurityContext
2025-07-30 02:51:19.183 DEBUG 92819 --- [nio-8080-exec-6] o.s.s.w.a.AnonymousAuthenticationFilter  : Set SecurityContextHolder to anonymous SecurityContext
2025-07-30 02:51:19.184 DEBUG 92819 --- [nio-8080-exec-6] o.s.s.w.a.i.FilterSecurityInterceptor    : Authorized filter invocation [GET /swagger-ui/index.html] with attributes [permitAll]
2025-07-30 02:51:19.184 DEBUG 92819 --- [nio-8080-exec-6] o.s.security.web.FilterChainProxy        : Secured GET /swagger-ui/index.html
2025-07-30 02:51:19.189 DEBUG 92819 --- [nio-8080-exec-6] w.c.HttpSessionSecurityContextRepository : Did not store anonymous SecurityContext
2025-07-30 02:51:19.190 DEBUG 92819 --- [nio-8080-exec-6] w.c.HttpSessionSecurityContextRepository : Did not store anonymous SecurityContext
2025-07-30 02:51:19.190 DEBUG 92819 --- [nio-8080-exec-6] s.s.w.c.SecurityContextPersistenceFilter : Cleared SecurityContextHolder to complete request
2025-07-30 02:51:19.219 DEBUG 92819 --- [nio-8080-exec-7] o.s.security.web.FilterChainProxy        : Securing GET /swagger-ui/swagger-ui.css
2025-07-30 02:51:19.219 DEBUG 92819 --- [nio-8080-exec-7] s.s.w.c.SecurityContextPersistenceFilter : Set SecurityContextHolder to empty SecurityContext
2025-07-30 02:51:19.219 DEBUG 92819 --- [nio-8080-exec-7] o.s.s.w.a.AnonymousAuthenticationFilter  : Set SecurityContextHolder to anonymous SecurityContext
2025-07-30 02:51:19.219 DEBUG 92819 --- [nio-8080-exec-7] o.s.s.w.a.i.FilterSecurityInterceptor    : Authorized filter invocation [GET /swagger-ui/swagger-ui.css] with attributes [permitAll]
2025-07-30 02:51:19.219 DEBUG 92819 --- [nio-8080-exec-7] o.s.security.web.FilterChainProxy        : Secured GET /swagger-ui/swagger-ui.css
2025-07-30 02:51:19.223 DEBUG 92819 --- [nio-8080-exec-7] w.c.HttpSessionSecurityContextRepository : Did not store anonymous SecurityContext
2025-07-30 02:51:19.224 DEBUG 92819 --- [nio-8080-exec-8] o.s.security.web.FilterChainProxy        : Securing GET /swagger-ui/index.css
2025-07-30 02:51:19.224 DEBUG 92819 --- [nio-8080-exec-8] s.s.w.c.SecurityContextPersistenceFilter : Set SecurityContextHolder to empty SecurityContext
2025-07-30 02:51:19.224 DEBUG 92819 --- [nio-8080-exec-8] o.s.s.w.a.AnonymousAuthenticationFilter  : Set SecurityContextHolder to anonymous SecurityContext
2025-07-30 02:51:19.224 DEBUG 92819 --- [nio-8080-exec-9] o.s.security.web.FilterChainProxy        : Securing GET /swagger-ui/swagger-ui-bundle.js
2025-07-30 02:51:19.224 DEBUG 92819 --- [nio-8080-exec-9] s.s.w.c.SecurityContextPersistenceFilter : Set SecurityContextHolder to empty SecurityContext
2025-07-30 02:51:19.224 DEBUG 92819 --- [io-8080-exec-10] o.s.security.web.FilterChainProxy        : Securing GET /swagger-ui/swagger-initializer.js
2025-07-30 02:51:19.225 DEBUG 92819 --- [nio-8080-exec-9] o.s.s.w.a.AnonymousAuthenticationFilter  : Set SecurityContextHolder to anonymous SecurityContext
2025-07-30 02:51:19.225 DEBUG 92819 --- [io-8080-exec-10] s.s.w.c.SecurityContextPersistenceFilter : Set SecurityContextHolder to empty SecurityContext
2025-07-30 02:51:19.225 DEBUG 92819 --- [nio-8080-exec-1] o.s.security.web.FilterChainProxy        : Securing GET /swagger-ui/swagger-ui-standalone-preset.js
2025-07-30 02:51:19.225 DEBUG 92819 --- [nio-8080-exec-1] s.s.w.c.SecurityContextPersistenceFilter : Set SecurityContextHolder to empty SecurityContext
2025-07-30 02:51:19.225 DEBUG 92819 --- [nio-8080-exec-8] o.s.s.w.a.i.FilterSecurityInterceptor    : Authorized filter invocation [GET /swagger-ui/index.css] with attributes [permitAll]
2025-07-30 02:51:19.225 DEBUG 92819 --- [nio-8080-exec-9] o.s.s.w.a.i.FilterSecurityInterceptor    : Authorized filter invocation [GET /swagger-ui/swagger-ui-bundle.js] with attributes [permitAll]
2025-07-30 02:51:19.225 DEBUG 92819 --- [io-8080-exec-10] o.s.s.w.a.AnonymousAuthenticationFilter  : Set SecurityContextHolder to anonymous SecurityContext
2025-07-30 02:51:19.225 DEBUG 92819 --- [nio-8080-exec-8] o.s.security.web.FilterChainProxy        : Secured GET /swagger-ui/index.css
2025-07-30 02:51:19.225 DEBUG 92819 --- [nio-8080-exec-9] o.s.security.web.FilterChainProxy        : Secured GET /swagger-ui/swagger-ui-bundle.js
2025-07-30 02:51:19.225 DEBUG 92819 --- [io-8080-exec-10] o.s.s.w.a.i.FilterSecurityInterceptor    : Authorized filter invocation [GET /swagger-ui/swagger-initializer.js] with attributes [permitAll]
2025-07-30 02:51:19.225 DEBUG 92819 --- [nio-8080-exec-1] o.s.s.w.a.AnonymousAuthenticationFilter  : Set SecurityContextHolder to anonymous SecurityContext
2025-07-30 02:51:19.225 DEBUG 92819 --- [nio-8080-exec-7] w.c.HttpSessionSecurityContextRepository : Did not store anonymous SecurityContext
2025-07-30 02:51:19.225 DEBUG 92819 --- [nio-8080-exec-7] s.s.w.c.SecurityContextPersistenceFilter : Cleared SecurityContextHolder to complete request
2025-07-30 02:51:19.225 DEBUG 92819 --- [nio-8080-exec-1] o.s.s.w.a.i.FilterSecurityInterceptor    : Authorized filter invocation [GET /swagger-ui/swagger-ui-standalone-preset.js] with attributes [permitAll]
2025-07-30 02:51:19.225 DEBUG 92819 --- [nio-8080-exec-1] o.s.security.web.FilterChainProxy        : Secured GET /swagger-ui/swagger-ui-standalone-preset.js
2025-07-30 02:51:19.225 DEBUG 92819 --- [io-8080-exec-10] o.s.security.web.FilterChainProxy        : Secured GET /swagger-ui/swagger-initializer.js
2025-07-30 02:51:19.226 DEBUG 92819 --- [nio-8080-exec-9] w.c.HttpSessionSecurityContextRepository : Did not store anonymous SecurityContext
2025-07-30 02:51:19.227 DEBUG 92819 --- [nio-8080-exec-1] w.c.HttpSessionSecurityContextRepository : Did not store anonymous SecurityContext
2025-07-30 02:51:19.227 DEBUG 92819 --- [nio-8080-exec-8] w.c.HttpSessionSecurityContextRepository : Did not store anonymous SecurityContext
2025-07-30 02:51:19.227 DEBUG 92819 --- [nio-8080-exec-8] w.c.HttpSessionSecurityContextRepository : Did not store anonymous SecurityContext
2025-07-30 02:51:19.227 DEBUG 92819 --- [nio-8080-exec-8] s.s.w.c.SecurityContextPersistenceFilter : Cleared SecurityContextHolder to complete request
2025-07-30 02:51:19.231 DEBUG 92819 --- [nio-8080-exec-1] w.c.HttpSessionSecurityContextRepository : Did not store anonymous SecurityContext
2025-07-30 02:51:19.231 DEBUG 92819 --- [nio-8080-exec-1] s.s.w.c.SecurityContextPersistenceFilter : Cleared SecurityContextHolder to complete request
2025-07-30 02:51:19.234 DEBUG 92819 --- [nio-8080-exec-9] w.c.HttpSessionSecurityContextRepository : Did not store anonymous SecurityContext
2025-07-30 02:51:19.235 DEBUG 92819 --- [nio-8080-exec-9] s.s.w.c.SecurityContextPersistenceFilter : Cleared SecurityContextHolder to complete request
2025-07-30 02:51:19.236 DEBUG 92819 --- [io-8080-exec-10] w.c.HttpSessionSecurityContextRepository : Did not store anonymous SecurityContext
2025-07-30 02:51:19.236 DEBUG 92819 --- [io-8080-exec-10] w.c.HttpSessionSecurityContextRepository : Did not store anonymous SecurityContext
2025-07-30 02:51:19.236 DEBUG 92819 --- [io-8080-exec-10] s.s.w.c.SecurityContextPersistenceFilter : Cleared SecurityContextHolder to complete request
2025-07-30 02:51:19.607 DEBUG 92819 --- [nio-8080-exec-2] o.s.security.web.FilterChainProxy        : Securing GET /swagger-ui/favicon-32x32.png
2025-07-30 02:51:19.607 DEBUG 92819 --- [nio-8080-exec-2] s.s.w.c.SecurityContextPersistenceFilter : Set SecurityContextHolder to empty SecurityContext
2025-07-30 02:51:19.611 DEBUG 92819 --- [nio-8080-exec-2] o.s.s.w.a.AnonymousAuthenticationFilter  : Set SecurityContextHolder to anonymous SecurityContext
2025-07-30 02:51:19.611 DEBUG 92819 --- [nio-8080-exec-2] o.s.s.w.a.i.FilterSecurityInterceptor    : Authorized filter invocation [GET /swagger-ui/favicon-32x32.png] with attributes [permitAll]
2025-07-30 02:51:19.611 DEBUG 92819 --- [nio-8080-exec-2] o.s.security.web.FilterChainProxy        : Secured GET /swagger-ui/favicon-32x32.png
2025-07-30 02:51:19.613 DEBUG 92819 --- [nio-8080-exec-2] w.c.HttpSessionSecurityContextRepository : Did not store anonymous SecurityContext
2025-07-30 02:51:19.613 DEBUG 92819 --- [nio-8080-exec-2] w.c.HttpSessionSecurityContextRepository : Did not store anonymous SecurityContext
2025-07-30 02:51:19.613 DEBUG 92819 --- [nio-8080-exec-2] s.s.w.c.SecurityContextPersistenceFilter : Cleared SecurityContextHolder to complete request
2025-07-30 02:51:19.689 DEBUG 92819 --- [nio-8080-exec-3] o.s.security.web.FilterChainProxy        : Securing GET /api-docs/swagger-config
2025-07-30 02:51:19.689 DEBUG 92819 --- [nio-8080-exec-3] s.s.w.c.SecurityContextPersistenceFilter : Set SecurityContextHolder to empty SecurityContext
2025-07-30 02:51:19.690 DEBUG 92819 --- [nio-8080-exec-3] o.s.s.w.a.AnonymousAuthenticationFilter  : Set SecurityContextHolder to anonymous SecurityContext
2025-07-30 02:51:19.691 DEBUG 92819 --- [nio-8080-exec-3] o.s.s.w.a.i.FilterSecurityInterceptor    : Authorized filter invocation [GET /api-docs/swagger-config] with attributes [permitAll]
2025-07-30 02:51:19.691 DEBUG 92819 --- [nio-8080-exec-3] o.s.security.web.FilterChainProxy        : Secured GET /api-docs/swagger-config
2025-07-30 02:51:19.693 DEBUG 92819 --- [nio-8080-exec-3] w.c.HttpSessionSecurityContextRepository : Did not store anonymous SecurityContext
2025-07-30 02:51:19.694 DEBUG 92819 --- [nio-8080-exec-3] w.c.HttpSessionSecurityContextRepository : Did not store anonymous SecurityContext
2025-07-30 02:51:19.694 DEBUG 92819 --- [nio-8080-exec-3] s.s.w.c.SecurityContextPersistenceFilter : Cleared SecurityContextHolder to complete request
2025-07-30 02:51:19.731 DEBUG 92819 --- [nio-8080-exec-4] o.s.security.web.FilterChainProxy        : Securing GET /api-docs
2025-07-30 02:51:19.732 DEBUG 92819 --- [nio-8080-exec-4] s.s.w.c.SecurityContextPersistenceFilter : Set SecurityContextHolder to empty SecurityContext
2025-07-30 02:51:19.732 DEBUG 92819 --- [nio-8080-exec-4] o.s.s.w.a.AnonymousAuthenticationFilter  : Set SecurityContextHolder to anonymous SecurityContext
2025-07-30 02:51:19.732 DEBUG 92819 --- [nio-8080-exec-4] o.s.s.w.a.i.FilterSecurityInterceptor    : Authorized filter invocation [GET /api-docs] with attributes [permitAll]
2025-07-30 02:51:19.732 DEBUG 92819 --- [nio-8080-exec-4] o.s.security.web.FilterChainProxy        : Secured GET /api-docs
2025-07-30 02:51:20.219  INFO 92819 --- [nio-8080-exec-4] o.springdoc.api.AbstractOpenApiResource  : Init duration for springdoc-openapi is: 484 ms
2025-07-30 02:51:20.233 DEBUG 92819 --- [nio-8080-exec-4] w.c.HttpSessionSecurityContextRepository : Did not store anonymous SecurityContext
2025-07-30 02:51:20.234 DEBUG 92819 --- [nio-8080-exec-4] w.c.HttpSessionSecurityContextRepository : Did not store anonymous SecurityContext
2025-07-30 02:51:20.234 DEBUG 92819 --- [nio-8080-exec-4] s.s.w.c.SecurityContextPersistenceFilter : Cleared SecurityContextHolder to complete request
2025-07-30 02:51:45.314 DEBUG 92819 --- [nio-8080-exec-9] o.s.security.web.FilterChainProxy        : Securing GET /api/admin/config/settings
2025-07-30 02:51:45.315 DEBUG 92819 --- [nio-8080-exec-9] s.s.w.c.SecurityContextPersistenceFilter : Set SecurityContextHolder to empty SecurityContext
2025-07-30 02:51:45.315 DEBUG 92819 --- [nio-8080-exec-9] o.s.s.w.a.AnonymousAuthenticationFilter  : Set SecurityContextHolder to anonymous SecurityContext
2025-07-30 02:51:45.316 DEBUG 92819 --- [nio-8080-exec-9] o.s.s.w.a.i.FilterSecurityInterceptor    : Authorized filter invocation [GET /api/admin/config/settings] with attributes [permitAll]
2025-07-30 02:51:45.316 DEBUG 92819 --- [nio-8080-exec-9] o.s.security.web.FilterChainProxy        : Secured GET /api/admin/config/settings
2025-07-30 02:51:45.322 DEBUG 92819 --- [nio-8080-exec-9] w.c.HttpSessionSecurityContextRepository : Did not store anonymous SecurityContext
2025-07-30 02:51:45.323 DEBUG 92819 --- [nio-8080-exec-9] w.c.HttpSessionSecurityContextRepository : Did not store anonymous SecurityContext
2025-07-30 02:51:45.323 DEBUG 92819 --- [nio-8080-exec-9] s.s.w.c.SecurityContextPersistenceFilter : Cleared SecurityContextHolder to complete request
2025-07-30 02:52:02.344 DEBUG 92819 --- [nio-8080-exec-2] o.s.security.web.FilterChainProxy        : Securing GET /api/admin/orders/dashboard
2025-07-30 02:52:02.346 DEBUG 92819 --- [nio-8080-exec-2] s.s.w.c.SecurityContextPersistenceFilter : Set SecurityContextHolder to empty SecurityContext
2025-07-30 02:52:02.346 DEBUG 92819 --- [nio-8080-exec-2] o.s.s.w.a.AnonymousAuthenticationFilter  : Set SecurityContextHolder to anonymous SecurityContext
2025-07-30 02:52:02.346 DEBUG 92819 --- [nio-8080-exec-2] o.s.s.w.a.i.FilterSecurityInterceptor    : Authorized filter invocation [GET /api/admin/orders/dashboard] with attributes [permitAll]
2025-07-30 02:52:02.346 DEBUG 92819 --- [nio-8080-exec-2] o.s.security.web.FilterChainProxy        : Secured GET /api/admin/orders/dashboard
2025-07-30 02:52:02.347 DEBUG 92819 --- [nio-8080-exec-2] w.c.HttpSessionSecurityContextRepository : Did not store anonymous SecurityContext
2025-07-30 02:52:02.348 DEBUG 92819 --- [nio-8080-exec-2] w.c.HttpSessionSecurityContextRepository : Did not store anonymous SecurityContext
2025-07-30 02:52:02.348 DEBUG 92819 --- [nio-8080-exec-2] s.s.w.c.SecurityContextPersistenceFilter : Cleared SecurityContextHolder to complete request
